-Xajruntimetarget:1.5
-1.8
-encoding
UTF-8
-source
1.8
-target
1.8
-classpath
C:\Users\asus\.m2\repository\junit\junit\4.11\junit-4.11.jar;D:\workSpace\qsy\qsy\service\target\service-1.0.jar;D:\workSpace\qsy\qsy\common\target\common-1.0.jar;C:\Users\asus\.m2\repository\javax\servlet\jsp\javax.servlet.jsp-api\2.2.1\javax.servlet.jsp-api-2.2.1.jar;C:\Users\asus\.m2\repository\javax\servlet\servlet-api\2.5\servlet-api-2.5.jar;C:\Users\asus\.m2\repository\javax\servlet\jstl\1.2\jstl-1.2.jar;C:\Users\asus\.m2\repository\net\minidev\json-smart\2.0\json-smart-2.0.jar;C:\Users\asus\.m2\repository\com\aliyun\oss\aliyun-sdk-oss\2.2.1\aliyun-sdk-oss-2.2.1.jar;C:\Users\asus\.m2\repository\com\google\zxing\core\3.2.0\core-3.2.0.jar;C:\Users\asus\.m2\repository\com\google\zxing\javase\3.2.0\javase-3.2.0.jar;C:\Users\asus\.m2\repository\com\jcraft\jsch\0.1.53\jsch-0.1.53.jar;C:\Users\asus\.m2\repository\jaxen\jaxen\1.1.1\jaxen-1.1.1.jar;C:\Users\asus\.m2\repository\dom4j\dom4j\1.6.1\dom4j-1.6.1.jar;C:\Users\asus\.m2\repository\org\springframework\spring-aop\4.0.4.RELEASE\spring-aop-4.0.4.RELEASE.jar;C:\Users\asus\.m2\repository\org\springframework\spring-aspects\4.0.4.RELEASE\spring-aspects-4.0.4.RELEASE.jar;C:\Users\asus\.m2\repository\org\springframework\spring-beans\4.0.4.RELEASE\spring-beans-4.0.4.RELEASE.jar;C:\Users\asus\.m2\repository\org\springframework\spring-context\4.0.4.RELEASE\spring-context-4.0.4.RELEASE.jar;C:\Users\asus\.m2\repository\org\springframework\spring-context-support\4.0.4.RELEASE\spring-context-support-4.0.4.RELEASE.jar;C:\Users\asus\.m2\repository\org\springframework\spring-core\4.0.4.RELEASE\spring-core-4.0.4.RELEASE.jar;C:\Users\asus\.m2\repository\org\springframework\spring-dao\2.0.8\spring-dao-2.0.8.jar;C:\Users\asus\.m2\repository\org\springframework\spring-expression\4.0.4.RELEASE\spring-expression-4.0.4.RELEASE.jar;C:\Users\asus\.m2\repository\org\springframework\spring-jdbc\4.0.4.RELEASE\spring-jdbc-4.0.4.RELEASE.jar;C:\Users\asus\.m2\repository\org\springframework\spring-mock\2.0.8\spring-mock-2.0.8.jar;C:\Users\asus\.m2\repository\org\springframework\spring-orm\4.0.4.RELEASE\spring-orm-4.0.4.RELEASE.jar;C:\Users\asus\.m2\repository\org\springframework\spring-test\4.0.4.RELEASE\spring-test-4.0.4.RELEASE.jar;C:\Users\asus\.m2\repository\org\springframework\spring-tx\4.0.4.RELEASE\spring-tx-4.0.4.RELEASE.jar;C:\Users\asus\.m2\repository\org\springframework\spring-web\4.0.4.RELEASE\spring-web-4.0.4.RELEASE.jar;C:\Users\asus\.m2\repository\org\springframework\spring-webmvc\4.0.4.RELEASE\spring-webmvc-4.0.4.RELEASE.jar;C:\Users\asus\.m2\repository\commons-dbcp\commons-dbcp\1.4\commons-dbcp-1.4.jar;C:\Users\asus\.m2\repository\mysql\mysql-connector-java\5.1.25\mysql-connector-java-5.1.25.jar;C:\Users\asus\.m2\repository\org\codehaus\jackson\jackson-mapper-lgpl\1.9.12\jackson-mapper-lgpl-1.9.12.jar;C:\Users\asus\.m2\repository\org\codehaus\jackson\jackson-core-lgpl\1.9.12\jackson-core-lgpl-1.9.12.jar;C:\Users\asus\.m2\repository\com\fasterxml\jackson\core\jackson-core\2.4.4\jackson-core-2.4.4.jar;C:\Users\asus\.m2\repository\com\fasterxml\jackson\core\jackson-annotations\2.4.4\jackson-annotations-2.4.4.jar;C:\Users\asus\.m2\repository\com\fasterxml\jackson\core\jackson-databind\2.4.4\jackson-databind-2.4.4.jar;C:\Users\asus\.m2\repository\org\freemarker\freemarker\2.3.21\freemarker-2.3.21.jar;C:\Users\asus\.m2\repository\commons-lang\commons-lang\2.6\commons-lang-2.6.jar;C:\Users\asus\.m2\repository\commons-io\commons-io\2.4\commons-io-2.4.jar;C:\Users\asus\.m2\repository\org\apache\httpcomponents\httpclient\4.4\httpclient-4.4.jar;C:\Users\asus\.m2\repository\org\apache\httpcomponents\httpcore\4.4\httpcore-4.4.jar;C:\Users\asus\.m2\repository\commons-beanutils\commons-beanutils\1.9.2\commons-beanutils-1.9.2.jar;C:\Users\asus\.m2\repository\commons-digester\commons-digester\2.0\commons-digester-2.0.jar;C:\Users\asus\.m2\repository\commons-fileupload\commons-fileupload\1.3.1\commons-fileupload-1.3.1.jar;C:\Users\asus\.m2\repository\com\google\guava\guava\16.0.1\guava-16.0.1.jar;C:\Users\asus\.m2\repository\org\aspectj\aspectjrt\1.8.7\aspectjrt-1.8.7.jar;C:\Users\asus\.m2\repository\org\aspectj\aspectjtools\1.8.7\aspectjtools-1.8.7.jar;C:\Users\asus\.m2\repository\org\aspectj\aspectjweaver\1.8.7\aspectjweaver-1.8.7.jar;C:\Users\asus\.m2\repository\commons-logging\commons-logging\1.2\commons-logging-1.2.jar;C:\Users\asus\.m2\repository\log4j\log4j\1.2.17\log4j-1.2.17.jar;C:\Users\asus\.m2\repository\org\slf4j\slf4j-api\1.7.9\slf4j-api-1.7.9.jar;C:\Users\asus\.m2\repository\org\slf4j\jcl-over-slf4j\1.7.9\jcl-over-slf4j-1.7.9.jar;C:\Users\asus\.m2\repository\org\slf4j\slf4j-log4j12\1.7.9\slf4j-log4j12-1.7.9.jar;C:\Users\asus\.m2\repository\joda-time\joda-time\1.6.2\joda-time-1.6.2.jar;C:\Users\asus\.m2\repository\displaytag\displaytag\1.2\displaytag-1.2.jar;C:\Users\asus\.m2\repository\jsptags\pager-taglib\2.0\pager-taglib-2.0.jar;C:\Users\asus\.m2\repository\org\quartz-scheduler\quartz\1.8.6\quartz-1.8.6.jar;C:\Users\asus\.m2\repository\redis\clients\jedis\2.5.2\jedis-2.5.2.jar;C:\Users\asus\.m2\repository\org\apache\velocity\velocity\1.7\velocity-1.7.jar;C:\Users\asus\.m2\repository\com\google\code\gson\gson\2.3.1\gson-2.3.1.jar;C:\Users\asus\.m2\repository\com\alibaba\fastjson\1.2.6\fastjson-1.2.6.jar;C:\Users\asus\.m2\repository\commons-codec\commons-codec\1.10\commons-codec-1.10.jar;C:\Users\asus\.m2\repository\com\nimbusds\nimbus-jose-jwt\4.11.2\nimbus-jose-jwt-4.11.2.jar;C:\Users\asus\.m2\repository\net\sf\json-lib\json-lib-ext-spring\1.0.2\json-lib-ext-spring-1.0.2.jar;C:\Users\asus\.m2\repository\org\hamcrest\hamcrest-core\1.3\hamcrest-core-1.3.jar;C:\Users\asus\.m2\repository\net\minidev\asm\1.0\asm-1.0.jar;C:\Users\asus\.m2\repository\asm\asm\3.3.1\asm-3.3.1.jar;C:\Users\asus\.m2\repository\org\jdom\jdom\1.1\jdom-1.1.jar;C:\Users\asus\.m2\repository\net\sf\json-lib\json-lib\2.4\json-lib-2.4-jdk15.jar;C:\Users\asus\.m2\repository\net\sf\ezmorph\ezmorph\1.0.6\ezmorph-1.0.6.jar;C:\Users\asus\.m2\repository\jdom\jdom\1.0\jdom-1.0.jar;C:\Users\asus\.m2\repository\xml-apis\xml-apis\1.3.02\xml-apis-1.3.02.jar;C:\Users\asus\.m2\repository\xerces\xercesImpl\2.6.2\xercesImpl-2.6.2.jar;C:\Users\asus\.m2\repository\xom\xom\1.0\xom-1.0.jar;C:\Users\asus\.m2\repository\xerces\xmlParserAPIs\2.6.2\xmlParserAPIs-2.6.2.jar;C:\Users\asus\.m2\repository\xalan\xalan\2.6.0\xalan-2.6.0.jar;C:\Users\asus\.m2\repository\com\ibm\icu\icu4j\2.6.1\icu4j-2.6.1.jar;C:\Users\asus\.m2\repository\aopalliance\aopalliance\1.0\aopalliance-1.0.jar;C:\Users\asus\.m2\repository\commons-pool\commons-pool\1.5.4\commons-pool-1.5.4.jar;C:\Users\asus\.m2\repository\commons-collections\commons-collections\3.2.1\commons-collections-3.2.1.jar;C:\Users\asus\.m2\repository\com\lowagie\itext\1.3\itext-1.3.jar;C:\Users\asus\.m2\repository\org\apache\commons\commons-pool2\2.0\commons-pool2-2.0.jar;C:\Users\asus\.m2\repository\net\jcip\jcip-annotations\1.0\jcip-annotations-1.0.jar;C:\Users\asus\.m2\repository\com\thoughtworks\xstream\xstream\1.2.1\xstream-1.2.1.jar;C:\Users\asus\.m2\repository\xpp3\xpp3_min\1.1.3.4.O\xpp3_min-1.1.3.4.O.jar;D:\workSpace\qsy\qsy\web\target\classes
-d
D:\workSpace\qsy\qsy\web\target\classes
D:\workSpace\qsy\qsy\web\src\main\java\com\jhl\common\AuthInterceptor.java
D:\workSpace\qsy\qsy\web\src\main\java\com\jhl\common\constant\CommonConstant.java
D:\workSpace\qsy\qsy\web\src\main\java\com\jhl\common\ControllerMonitor.java
D:\workSpace\qsy\qsy\web\src\main\java\com\jhl\common\filter\SimpleCORSFilter.java
D:\workSpace\qsy\qsy\web\src\main\java\com\jhl\common\listener\ApplicationInitListener.java
D:\workSpace\qsy\qsy\web\src\main\java\com\jhl\common\timer\KeyMangeTimer.java
D:\workSpace\qsy\qsy\web\src\main\java\com\jhl\common\token.java
D:\workSpace\qsy\qsy\web\src\main\java\com\jhl\common\util\Base64.java
D:\workSpace\qsy\qsy\web\src\main\java\com\jhl\common\util\IpAddressUtil.java
D:\workSpace\qsy\qsy\web\src\main\java\com\jhl\common\util\JsonDateDeSerializerFormat.java
D:\workSpace\qsy\qsy\web\src\main\java\com\jhl\common\util\JsonDateFormat.java
D:\workSpace\qsy\qsy\web\src\main\java\com\jhl\common\util\PayContant.java
D:\workSpace\qsy\qsy\web\src\main\java\com\jhl\common\util\QException.java
D:\workSpace\qsy\qsy\web\src\main\java\com\jhl\common\util\QOAuth2.java
D:\workSpace\qsy\qsy\web\src\main\java\com\jhl\common\util\RSASignature.java
D:\workSpace\qsy\qsy\web\src\main\java\com\jhl\common\util\Util.java
D:\workSpace\qsy\qsy\web\src\main\java\com\jhl\controller\AccountController.java
D:\workSpace\qsy\qsy\web\src\main\java\com\jhl\controller\BankController.java
D:\workSpace\qsy\qsy\web\src\main\java\com\jhl\controller\BaseController.java
D:\workSpace\qsy\qsy\web\src\main\java\com\jhl\controller\BillingController.java
D:\workSpace\qsy\qsy\web\src\main\java\com\jhl\controller\CaptchaImageController.java
D:\workSpace\qsy\qsy\web\src\main\java\com\jhl\controller\ChanelOrderController.java
D:\workSpace\qsy\qsy\web\src\main\java\com\jhl\controller\LoginController.java
D:\workSpace\qsy\qsy\web\src\main\java\com\jhl\controller\MoneyCallbackController.java
D:\workSpace\qsy\qsy\web\src\main\java\com\jhl\controller\NoticesController.java
D:\workSpace\qsy\qsy\web\src\main\java\com\jhl\controller\OrderController.java
D:\workSpace\qsy\qsy\web\src\main\java\com\jhl\controller\PasswordController.java
D:\workSpace\qsy\qsy\web\src\main\java\com\jhl\controller\PiController.java
D:\workSpace\qsy\qsy\web\src\main\java\com\jhl\controller\ProjectController.java
D:\workSpace\qsy\qsy\web\src\main\java\com\jhl\controller\RegistController.java
D:\workSpace\qsy\qsy\web\src\main\java\com\jhl\controller\SmsController.java
D:\workSpace\qsy\qsy\web\src\main\java\com\jhl\controller\SupportController.java
D:\workSpace\qsy\qsy\web\src\main\java\com\jhl\controller\SysController.java
D:\workSpace\qsy\qsy\web\src\main\java\com\jhl\controller\TransOrderController.java
D:\workSpace\qsy\qsy\web\src\main\java\com\jhl\controller\WechatController.java
D:\workSpace\qsy\qsy\web\src\main\java\com\jhl\controller\WxBindingController.java
D:\workSpace\qsy\qsy\web\src\main\java\com\jhl\dto\AccInvestDto.java
D:\workSpace\qsy\qsy\web\src\main\java\com\jhl\dto\BenifitDetailDto.java
D:\workSpace\qsy\qsy\web\src\main\java\com\jhl\dto\BenifitDto.java
D:\workSpace\qsy\qsy\web\src\main\java\com\jhl\dto\GoodsBack.java
D:\workSpace\qsy\qsy\web\src\main\java\com\jhl\dto\GoodsDto.java
D:\workSpace\qsy\qsy\web\src\main\java\com\jhl\dto\JsonBackDto.java
D:\workSpace\qsy\qsy\web\src\main\java\com\jhl\dto\OrderByDto.java
D:\workSpace\qsy\qsy\web\src\main\java\com\jhl\dto\PayOrder.java
D:\workSpace\qsy\qsy\web\src\main\java\com\jhl\dto\RefundDto.java
D:\workSpace\qsy\qsy\web\src\main\java\com\jhl\dto\SupplierDto.java
D:\workSpace\qsy\qsy\web\src\main\java\com\jhl\dto\UserDto.java
D:\workSpace\qsy\qsy\web\src\main\java\com\jhl\Test\TestUtil.java
