-Xajruntimetarget:1.5
-1.8
-encoding
UTF-8
-source
1.8
-target
1.8
-classpath
D:\workSpace\qsy\qsy\common\target\common-1.0.jar;C:\Users\asus\.m2\repository\javax\servlet\jsp\javax.servlet.jsp-api\2.2.1\javax.servlet.jsp-api-2.2.1.jar;C:\Users\asus\.m2\repository\javax\servlet\servlet-api\2.5\servlet-api-2.5.jar;C:\Users\asus\.m2\repository\javax\servlet\jstl\1.2\jstl-1.2.jar;C:\Users\asus\.m2\repository\com\aliyun\oss\aliyun-sdk-oss\2.2.1\aliyun-sdk-oss-2.2.1.jar;C:\Users\asus\.m2\repository\com\google\zxing\core\3.2.0\core-3.2.0.jar;C:\Users\asus\.m2\repository\com\google\zxing\javase\3.2.0\javase-3.2.0.jar;C:\Users\asus\.m2\repository\com\jcraft\jsch\0.1.53\jsch-0.1.53.jar;C:\Users\asus\.m2\repository\jaxen\jaxen\1.1.1\jaxen-1.1.1.jar;C:\Users\asus\.m2\repository\dom4j\dom4j\1.6.1\dom4j-1.6.1.jar;C:\Users\asus\.m2\repository\junit\junit\4.11\junit-4.11.jar;C:\Users\asus\.m2\repository\org\springframework\spring-aop\4.0.4.RELEASE\spring-aop-4.0.4.RELEASE.jar;C:\Users\asus\.m2\repository\org\springframework\spring-aspects\4.0.4.RELEASE\spring-aspects-4.0.4.RELEASE.jar;C:\Users\asus\.m2\repository\org\springframework\spring-beans\4.0.4.RELEASE\spring-beans-4.0.4.RELEASE.jar;C:\Users\asus\.m2\repository\org\springframework\spring-context\4.0.4.RELEASE\spring-context-4.0.4.RELEASE.jar;C:\Users\asus\.m2\repository\org\springframework\spring-context-support\4.0.4.RELEASE\spring-context-support-4.0.4.RELEASE.jar;C:\Users\asus\.m2\repository\org\springframework\spring-core\4.0.4.RELEASE\spring-core-4.0.4.RELEASE.jar;C:\Users\asus\.m2\repository\org\springframework\spring-dao\2.0.8\spring-dao-2.0.8.jar;C:\Users\asus\.m2\repository\org\springframework\spring-expression\4.0.4.RELEASE\spring-expression-4.0.4.RELEASE.jar;C:\Users\asus\.m2\repository\org\springframework\spring-jdbc\4.0.4.RELEASE\spring-jdbc-4.0.4.RELEASE.jar;C:\Users\asus\.m2\repository\org\springframework\spring-mock\2.0.8\spring-mock-2.0.8.jar;C:\Users\asus\.m2\repository\org\springframework\spring-orm\4.0.4.RELEASE\spring-orm-4.0.4.RELEASE.jar;C:\Users\asus\.m2\repository\org\springframework\spring-test\4.0.4.RELEASE\spring-test-4.0.4.RELEASE.jar;C:\Users\asus\.m2\repository\org\springframework\spring-tx\4.0.4.RELEASE\spring-tx-4.0.4.RELEASE.jar;C:\Users\asus\.m2\repository\org\springframework\spring-web\4.0.4.RELEASE\spring-web-4.0.4.RELEASE.jar;C:\Users\asus\.m2\repository\org\springframework\spring-webmvc\4.0.4.RELEASE\spring-webmvc-4.0.4.RELEASE.jar;C:\Users\asus\.m2\repository\commons-dbcp\commons-dbcp\1.4\commons-dbcp-1.4.jar;C:\Users\asus\.m2\repository\mysql\mysql-connector-java\5.1.25\mysql-connector-java-5.1.25.jar;C:\Users\asus\.m2\repository\org\codehaus\jackson\jackson-mapper-lgpl\1.9.12\jackson-mapper-lgpl-1.9.12.jar;C:\Users\asus\.m2\repository\org\codehaus\jackson\jackson-core-lgpl\1.9.12\jackson-core-lgpl-1.9.12.jar;C:\Users\asus\.m2\repository\com\fasterxml\jackson\core\jackson-core\2.4.4\jackson-core-2.4.4.jar;C:\Users\asus\.m2\repository\com\fasterxml\jackson\core\jackson-annotations\2.4.4\jackson-annotations-2.4.4.jar;C:\Users\asus\.m2\repository\com\fasterxml\jackson\core\jackson-databind\2.4.4\jackson-databind-2.4.4.jar;C:\Users\asus\.m2\repository\org\freemarker\freemarker\2.3.21\freemarker-2.3.21.jar;C:\Users\asus\.m2\repository\commons-lang\commons-lang\2.6\commons-lang-2.6.jar;C:\Users\asus\.m2\repository\commons-io\commons-io\2.4\commons-io-2.4.jar;C:\Users\asus\.m2\repository\org\apache\httpcomponents\httpclient\4.4\httpclient-4.4.jar;C:\Users\asus\.m2\repository\org\apache\httpcomponents\httpcore\4.4\httpcore-4.4.jar;C:\Users\asus\.m2\repository\commons-beanutils\commons-beanutils\1.9.2\commons-beanutils-1.9.2.jar;C:\Users\asus\.m2\repository\commons-digester\commons-digester\2.0\commons-digester-2.0.jar;C:\Users\asus\.m2\repository\commons-fileupload\commons-fileupload\1.3.1\commons-fileupload-1.3.1.jar;C:\Users\asus\.m2\repository\com\google\guava\guava\16.0.1\guava-16.0.1.jar;C:\Users\asus\.m2\repository\org\aspectj\aspectjrt\1.8.7\aspectjrt-1.8.7.jar;C:\Users\asus\.m2\repository\org\aspectj\aspectjtools\1.8.7\aspectjtools-1.8.7.jar;C:\Users\asus\.m2\repository\org\aspectj\aspectjweaver\1.8.7\aspectjweaver-1.8.7.jar;C:\Users\asus\.m2\repository\commons-logging\commons-logging\1.2\commons-logging-1.2.jar;C:\Users\asus\.m2\repository\log4j\log4j\1.2.17\log4j-1.2.17.jar;C:\Users\asus\.m2\repository\org\slf4j\slf4j-api\1.7.9\slf4j-api-1.7.9.jar;C:\Users\asus\.m2\repository\org\slf4j\jcl-over-slf4j\1.7.9\jcl-over-slf4j-1.7.9.jar;C:\Users\asus\.m2\repository\org\slf4j\slf4j-log4j12\1.7.9\slf4j-log4j12-1.7.9.jar;C:\Users\asus\.m2\repository\joda-time\joda-time\1.6.2\joda-time-1.6.2.jar;C:\Users\asus\.m2\repository\displaytag\displaytag\1.2\displaytag-1.2.jar;C:\Users\asus\.m2\repository\jsptags\pager-taglib\2.0\pager-taglib-2.0.jar;C:\Users\asus\.m2\repository\org\quartz-scheduler\quartz\1.8.6\quartz-1.8.6.jar;C:\Users\asus\.m2\repository\redis\clients\jedis\2.5.2\jedis-2.5.2.jar;C:\Users\asus\.m2\repository\org\apache\velocity\velocity\1.7\velocity-1.7.jar;C:\Users\asus\.m2\repository\com\google\code\gson\gson\2.3.1\gson-2.3.1.jar;C:\Users\asus\.m2\repository\com\alibaba\fastjson\1.2.6\fastjson-1.2.6.jar;C:\Users\asus\.m2\repository\commons-codec\commons-codec\1.10\commons-codec-1.10.jar;C:\Users\asus\.m2\repository\com\nimbusds\nimbus-jose-jwt\4.11.2\nimbus-jose-jwt-4.11.2.jar;C:\Users\asus\.m2\repository\net\sf\json-lib\json-lib-ext-spring\1.0.2\json-lib-ext-spring-1.0.2.jar;C:\Users\asus\.m2\repository\org\jdom\jdom\1.1\jdom-1.1.jar;C:\Users\asus\.m2\repository\net\sf\json-lib\json-lib\2.4\json-lib-2.4-jdk15.jar;C:\Users\asus\.m2\repository\net\sf\ezmorph\ezmorph\1.0.6\ezmorph-1.0.6.jar;C:\Users\asus\.m2\repository\jdom\jdom\1.0\jdom-1.0.jar;C:\Users\asus\.m2\repository\xml-apis\xml-apis\1.3.02\xml-apis-1.3.02.jar;C:\Users\asus\.m2\repository\xerces\xercesImpl\2.6.2\xercesImpl-2.6.2.jar;C:\Users\asus\.m2\repository\xom\xom\1.0\xom-1.0.jar;C:\Users\asus\.m2\repository\xerces\xmlParserAPIs\2.6.2\xmlParserAPIs-2.6.2.jar;C:\Users\asus\.m2\repository\xalan\xalan\2.6.0\xalan-2.6.0.jar;C:\Users\asus\.m2\repository\com\ibm\icu\icu4j\2.6.1\icu4j-2.6.1.jar;C:\Users\asus\.m2\repository\aopalliance\aopalliance\1.0\aopalliance-1.0.jar;C:\Users\asus\.m2\repository\commons-pool\commons-pool\1.5.4\commons-pool-1.5.4.jar;C:\Users\asus\.m2\repository\commons-collections\commons-collections\3.2.1\commons-collections-3.2.1.jar;C:\Users\asus\.m2\repository\com\lowagie\itext\1.3\itext-1.3.jar;C:\Users\asus\.m2\repository\org\apache\commons\commons-pool2\2.0\commons-pool2-2.0.jar;C:\Users\asus\.m2\repository\net\jcip\jcip-annotations\1.0\jcip-annotations-1.0.jar;C:\Users\asus\.m2\repository\net\minidev\json-smart\1.3.1\json-smart-1.3.1.jar;C:\Users\asus\.m2\repository\com\thoughtworks\xstream\xstream\1.2.1\xstream-1.2.1.jar;C:\Users\asus\.m2\repository\xpp3\xpp3_min\1.1.3.4.O\xpp3_min-1.1.3.4.O.jar;D:\workSpace\qsy\qsy\service\target\classes
-d
D:\workSpace\qsy\qsy\service\target\classes
D:\workSpace\qsy\qsy\service\src\main\java\com\jhl\cache\FinancingCache.java
D:\workSpace\qsy\qsy\service\src\main\java\com\jhl\cache\RedisClient.java
D:\workSpace\qsy\qsy\service\src\main\java\com\jhl\cache\SessionCache.java
D:\workSpace\qsy\qsy\service\src\main\java\com\jhl\cache\TempTokenCache.java
D:\workSpace\qsy\qsy\service\src\main\java\com\jhl\cache\VerifyCodeCache.java
D:\workSpace\qsy\qsy\service\src\main\java\com\jhl\common\BalanceChangeType.java
D:\workSpace\qsy\qsy\service\src\main\java\com\jhl\common\ConfigConstant.java
D:\workSpace\qsy\qsy\service\src\main\java\com\jhl\common\Constant.java
D:\workSpace\qsy\qsy\service\src\main\java\com\jhl\common\InvestStatus.java
D:\workSpace\qsy\qsy\service\src\main\java\com\jhl\common\MonitorAspect.java
D:\workSpace\qsy\qsy\service\src\main\java\com\jhl\common\sms\BaseSmsConnector.java
D:\workSpace\qsy\qsy\service\src\main\java\com\jhl\common\sms\ISmsConnector.java
D:\workSpace\qsy\qsy\service\src\main\java\com\jhl\common\sms\JLSmsConnector.java
D:\workSpace\qsy\qsy\service\src\main\java\com\jhl\common\sms\SmsConnector.java
D:\workSpace\qsy\qsy\service\src\main\java\com\jhl\common\sms\SmsTest.java
D:\workSpace\qsy\qsy\service\src\main\java\com\jhl\common\TimerInfoType.java
D:\workSpace\qsy\qsy\service\src\main\java\com\jhl\dao\AccountChangeDao.java
D:\workSpace\qsy\qsy\service\src\main\java\com\jhl\dao\AccountDao.java
D:\workSpace\qsy\qsy\service\src\main\java\com\jhl\dao\AdverDao.java
D:\workSpace\qsy\qsy\service\src\main\java\com\jhl\dao\BankDao.java
D:\workSpace\qsy\qsy\service\src\main\java\com\jhl\dao\BenifitDao.java
D:\workSpace\qsy\qsy\service\src\main\java\com\jhl\dao\ConfigDao.java
D:\workSpace\qsy\qsy\service\src\main\java\com\jhl\dao\FinancingDao.java
D:\workSpace\qsy\qsy\service\src\main\java\com\jhl\dao\FundTradeDao.java
D:\workSpace\qsy\qsy\service\src\main\java\com\jhl\dao\IAccCouponDao.java
D:\workSpace\qsy\qsy\service\src\main\java\com\jhl\dao\IBillingDao.java
D:\workSpace\qsy\qsy\service\src\main\java\com\jhl\dao\IChannelOrderDao.java
D:\workSpace\qsy\qsy\service\src\main\java\com\jhl\dao\IHlbDao.java
D:\workSpace\qsy\qsy\service\src\main\java\com\jhl\dao\impl\rmb\AccCouponDao.java
D:\workSpace\qsy\qsy\service\src\main\java\com\jhl\dao\impl\rmb\BillingDao.java
D:\workSpace\qsy\qsy\service\src\main\java\com\jhl\dao\impl\rmb\ChannelOrderDao.java
D:\workSpace\qsy\qsy\service\src\main\java\com\jhl\dao\impl\rmb\HlbDao.java
D:\workSpace\qsy\qsy\service\src\main\java\com\jhl\dao\impl\rmb\InviteConfigDao.java
D:\workSpace\qsy\qsy\service\src\main\java\com\jhl\dao\impl\rmb\MsgDao.java
D:\workSpace\qsy\qsy\service\src\main\java\com\jhl\dao\impl\rmb\ProjectDao.java
D:\workSpace\qsy\qsy\service\src\main\java\com\jhl\dao\impl\rmb\SecurityQuestionDao.java
D:\workSpace\qsy\qsy\service\src\main\java\com\jhl\dao\impl\rmb\SqlContainer.java
D:\workSpace\qsy\qsy\service\src\main\java\com\jhl\dao\IMsgDao.java
D:\workSpace\qsy\qsy\service\src\main\java\com\jhl\dao\InvestOrderDao.java
D:\workSpace\qsy\qsy\service\src\main\java\com\jhl\dao\IProjectDao.java
D:\workSpace\qsy\qsy\service\src\main\java\com\jhl\dao\ISecurityQuestionDao.java
D:\workSpace\qsy\qsy\service\src\main\java\com\jhl\dao\NoticesDao.java
D:\workSpace\qsy\qsy\service\src\main\java\com\jhl\dao\RefundDao.java
D:\workSpace\qsy\qsy\service\src\main\java\com\jhl\dao\TimerInfoDao.java
D:\workSpace\qsy\qsy\service\src\main\java\com\jhl\dao\TransOrderDao.java
D:\workSpace\qsy\qsy\service\src\main\java\com\jhl\dao\UserDeductDao.java
D:\workSpace\qsy\qsy\service\src\main\java\com\jhl\dao\UserLoginDao.java
D:\workSpace\qsy\qsy\service\src\main\java\com\jhl\dao\UserPactDao.java
D:\workSpace\qsy\qsy\service\src\main\java\com\jhl\dao\WechatDao.java
D:\workSpace\qsy\qsy\service\src\main\java\com\jhl\dto\AccountDto.java
D:\workSpace\qsy\qsy\service\src\main\java\com\jhl\dto\BaseDto.java
D:\workSpace\qsy\qsy\service\src\main\java\com\jhl\dto\BillingDto.java
D:\workSpace\qsy\qsy\service\src\main\java\com\jhl\dto\ChannelOrderDto.java
D:\workSpace\qsy\qsy\service\src\main\java\com\jhl\dto\InvestDto.java
D:\workSpace\qsy\qsy\service\src\main\java\com\jhl\dto\JhDto.java
D:\workSpace\qsy\qsy\service\src\main\java\com\jhl\dto\MediaDto.java
D:\workSpace\qsy\qsy\service\src\main\java\com\jhl\dto\MenuDto.java
D:\workSpace\qsy\qsy\service\src\main\java\com\jhl\dto\ModelInfoDto.java
D:\workSpace\qsy\qsy\service\src\main\java\com\jhl\dto\NoticeDto.java
D:\workSpace\qsy\qsy\service\src\main\java\com\jhl\dto\PasswordDto.java
D:\workSpace\qsy\qsy\service\src\main\java\com\jhl\dto\PayDto.java
D:\workSpace\qsy\qsy\service\src\main\java\com\jhl\dto\ProDto.java
D:\workSpace\qsy\qsy\service\src\main\java\com\jhl\dto\QrDto.java
D:\workSpace\qsy\qsy\service\src\main\java\com\jhl\dto\UserBalanceDTO.java
D:\workSpace\qsy\qsy\service\src\main\java\com\jhl\event\OnChargeSuccess.java
D:\workSpace\qsy\qsy\service\src\main\java\com\jhl\pojo\biz\TransOrderRule.java
D:\workSpace\qsy\qsy\service\src\main\java\com\jhl\proxy\ICallback.java
D:\workSpace\qsy\qsy\service\src\main\java\com\jhl\proxy\impl\jh\BaseJh.java
D:\workSpace\qsy\qsy\service\src\main\java\com\jhl\proxy\impl\jh\JhAccontDetail.java
D:\workSpace\qsy\qsy\service\src\main\java\com\jhl\proxy\impl\jh\JhAutomatic.java
D:\workSpace\qsy\qsy\service\src\main\java\com\jhl\proxy\impl\jh\JhAutomaticDetails.java
D:\workSpace\qsy\qsy\service\src\main\java\com\jhl\proxy\impl\jh\JhBinding.java
D:\workSpace\qsy\qsy\service\src\main\java\com\jhl\proxy\impl\jh\JhClientMsg.java
D:\workSpace\qsy\qsy\service\src\main\java\com\jhl\proxy\impl\jh\JhUnAutomatic.java
D:\workSpace\qsy\qsy\service\src\main\java\com\jhl\proxy\impl\jh\JhWaitAutomaticDetails.java
D:\workSpace\qsy\qsy\service\src\main\java\com\jhl\proxy\impl\jyt\JytBinding.java
D:\workSpace\qsy\qsy\service\src\main\java\com\jhl\proxy\impl\jyt\JytCallback.java
D:\workSpace\qsy\qsy\service\src\main\java\com\jhl\proxy\impl\jyt\JytCash.java
D:\workSpace\qsy\qsy\service\src\main\java\com\jhl\proxy\impl\jyt\JytClientMsg.java
D:\workSpace\qsy\qsy\service\src\main\java\com\jhl\proxy\impl\jyt\JytConfig.java
D:\workSpace\qsy\qsy\service\src\main\java\com\jhl\proxy\impl\jyt\JytPay.java
D:\workSpace\qsy\qsy\service\src\main\java\com\jhl\proxy\impl\jyt\JytProxy.java
D:\workSpace\qsy\qsy\service\src\main\java\com\jhl\proxy\impl\jyt\JytValidate.java
D:\workSpace\qsy\qsy\service\src\main\java\com\jhl\proxy\impl\jyt\MockClientMsgBase_Auth.java
D:\workSpace\qsy\qsy\service\src\main\java\com\jhl\proxy\impl\jyt\MockClientMsgBase_Tran.java
D:\workSpace\qsy\qsy\service\src\main\java\com\jhl\proxy\impl\jyt\util\Base64Util.java
D:\workSpace\qsy\qsy\service\src\main\java\com\jhl\proxy\impl\jyt\util\CryptoUtils.java
D:\workSpace\qsy\qsy\service\src\main\java\com\jhl\proxy\impl\jyt\util\DateTimeUtils.java
D:\workSpace\qsy\qsy\service\src\main\java\com\jhl\proxy\impl\jyt\util\DESHelper.java
D:\workSpace\qsy\qsy\service\src\main\java\com\jhl\proxy\impl\jyt\util\EncodeUtils.java
D:\workSpace\qsy\qsy\service\src\main\java\com\jhl\proxy\impl\jyt\util\RSAHelper.java
D:\workSpace\qsy\qsy\service\src\main\java\com\jhl\proxy\impl\jyt\util\StringUtil.java
D:\workSpace\qsy\qsy\service\src\main\java\com\jhl\proxy\impl\jyt\util\XmlMsgConstant.java
D:\workSpace\qsy\qsy\service\src\main\java\com\jhl\proxy\IProxy.java
D:\workSpace\qsy\qsy\service\src\main\java\com\jhl\security\JwtHolder.java
D:\workSpace\qsy\qsy\service\src\main\java\com\jhl\service\AccCouponService.java
D:\workSpace\qsy\qsy\service\src\main\java\com\jhl\service\AccountService.java
D:\workSpace\qsy\qsy\service\src\main\java\com\jhl\service\AccountValidator.java
D:\workSpace\qsy\qsy\service\src\main\java\com\jhl\service\AchieveService.java
D:\workSpace\qsy\qsy\service\src\main\java\com\jhl\service\AdverService.java
D:\workSpace\qsy\qsy\service\src\main\java\com\jhl\service\BankCardService.java
D:\workSpace\qsy\qsy\service\src\main\java\com\jhl\service\BaseService.java
D:\workSpace\qsy\qsy\service\src\main\java\com\jhl\service\BillingService.java
D:\workSpace\qsy\qsy\service\src\main\java\com\jhl\service\ChannelOrderService.java
D:\workSpace\qsy\qsy\service\src\main\java\com\jhl\service\ConfigService.java
D:\workSpace\qsy\qsy\service\src\main\java\com\jhl\service\ContractGenerateService.java
D:\workSpace\qsy\qsy\service\src\main\java\com\jhl\service\CouponService.java
D:\workSpace\qsy\qsy\service\src\main\java\com\jhl\service\InvestOrderService.java
D:\workSpace\qsy\qsy\service\src\main\java\com\jhl\service\InviteRewardConfigService.java
D:\workSpace\qsy\qsy\service\src\main\java\com\jhl\service\MessageService.java
D:\workSpace\qsy\qsy\service\src\main\java\com\jhl\service\MsgFactory.java
D:\workSpace\qsy\qsy\service\src\main\java\com\jhl\service\OrderService.java
D:\workSpace\qsy\qsy\service\src\main\java\com\jhl\service\ProjectService.java
D:\workSpace\qsy\qsy\service\src\main\java\com\jhl\service\SecurityQuestionService.java
D:\workSpace\qsy\qsy\service\src\main\java\com\jhl\service\SmsService.java
D:\workSpace\qsy\qsy\service\src\main\java\com\jhl\service\SupportService.java
D:\workSpace\qsy\qsy\service\src\main\java\com\jhl\service\SysConfig.java
D:\workSpace\qsy\qsy\service\src\main\java\com\jhl\service\TimerInfoService.java
D:\workSpace\qsy\qsy\service\src\main\java\com\jhl\service\TransactionService.java
D:\workSpace\qsy\qsy\service\src\main\java\com\jhl\service\TransOrderService.java
D:\workSpace\qsy\qsy\service\src\main\java\com\jhl\service\UnBindingService.java
D:\workSpace\qsy\qsy\service\src\main\java\com\jhl\service\UserDeductService.java
D:\workSpace\qsy\qsy\service\src\main\java\com\jhl\service\UserLoginService.java
D:\workSpace\qsy\qsy\service\src\main\java\com\jhl\service\WechatService.java
D:\workSpace\qsy\qsy\service\src\main\java\com\jhl\service\WxModelFactory.java
D:\workSpace\qsy\qsy\service\src\main\java\com\jhl\task\minute\JhTransQueryTask.java
D:\workSpace\qsy\qsy\service\src\main\java\com\jhl\task\minute\MinuteProjectTask.java
D:\workSpace\qsy\qsy\service\src\main\java\com\jhl\task\month\MonthBillingTask.java
